<?xml version="1.0" encoding="UTF-8"?>
<testng-results skipped="0" failed="0" total="1" passed="1">
  <reporter-output>
  </reporter-output>
  <suite name="Default suite" duration-ms="5642" started-at="2020-03-30T06:21:37Z" finished-at="2020-03-30T06:21:43Z">
    <groups>
    </groups>
    <test name="Default test" duration-ms="5642" started-at="2020-03-30T06:21:37Z" finished-at="2020-03-30T06:21:43Z">
      <class name="CRUDOperations.GetStudentbyID">
        <test-method status="PASS" signature="getallStudents()[pri:0, instance:CRUDOperations.GetStudentbyID@2f7a2457]" name="getallStudents" duration-ms="5570" started-at="2020-03-30T01:21:37Z" finished-at="2020-03-30T01:21:43Z">
          <reporter-output>
          </reporter-output>
        </test-method> <!-- getallStudents -->
      </class> <!-- CRUDOperations.GetStudentbyID -->
    </test> <!-- Default test -->
  </suite> <!-- Default suite -->
</testng-results>
