<?xml version="1.0" encoding="UTF-8"?>
<!-- Generated by org.testng.reporters.JUnitXMLReporter -->
<testsuite hostname="P5CG50647LN" name="com.qtpselenium.rediff.hybrid.testcases.portfoliosuite" tests="4" failures="0" timestamp="23 Oct 2019 15:33:08 GMT" time="8.731" errors="0">
  <testcase name="loginTest" time="0.014" classname="com.qtpselenium.rediff.hybrid.testcases.portfoliosuite.LoginTest"/>
  <testcase name="loginTest1" time="0.001" classname="com.qtpselenium.rediff.hybrid.testcases.portfoliosuite.LoginTest"/>
  <testcase name="createPortFolioTest" time="0.0" classname="com.qtpselenium.rediff.hybrid.testcases.portfoliosuite.PortFolioTest">
    <skipped/>
  </testcase> <!-- createPortFolioTest -->
  <testcase name="loginTest1" time="0.0" classname="com.qtpselenium.rediff.hybrid.testcases.portfoliosuite.PortFolioTest">
    <skipped/>
  </testcase> <!-- loginTest1 -->
</testsuite> <!-- com.qtpselenium.rediff.hybrid.testcases.portfoliosuite -->
